{"@timestamp":"2023-06-19T05:56:16.110Z","log.level":"warn","message":"Incorrect Access Key","ecs":{"version":"1.6.0"}}
{"@timestamp":"2023-06-19T07:57:50.577Z","log.level":"warn","message":"Book not found","ecs":{"version":"1.6.0"}}
{"@timestamp":"2023-06-19T07:57:55.506Z","log.level":"warn","message":"Book not found","ecs":{"version":"1.6.0"}}
{"@timestamp":"2023-06-19T08:00:33.370Z","log.level":"warn","message":"Books are rented by users","ecs":{"version":"1.6.0"}}
{"@timestamp":"2023-06-19T08:00:47.400Z","log.level":"warn","message":"Book not found","ecs":{"version":"1.6.0"}}
{"@timestamp":"2023-06-19T08:01:06.166Z","log.level":"warn","message":"Book not found","ecs":{"version":"1.6.0"}}
{"@timestamp":"2023-06-19T09:08:57.349Z","log.level":"error","message":"QueryFailedError: ER_WRONG_FIELD_WITH_GROUP: Expression #6 of SELECT list is not in GROUP BY clause and contains nonaggregated column 'Book Store.picture.id' which is not functionally dependent on columns in GROUP BY clause; this is incompatible with sql_mode=only_full_group_by","ecs":{"version":"1.6.0"}}
{"@timestamp":"2023-06-19T09:11:25.780Z","log.level":"error","message":"QueryFailedError: ER_WRONG_FIELD_WITH_GROUP: Expression #6 of SELECT list is not in GROUP BY clause and contains nonaggregated column 'Book Store.picture.id' which is not functionally dependent on columns in GROUP BY clause; this is incompatible with sql_mode=only_full_group_by","ecs":{"version":"1.6.0"}}
{"@timestamp":"2023-06-19T09:16:38.785Z","log.level":"error","message":"QueryFailedError: ER_WRONG_FIELD_WITH_GROUP: Expression #6 of SELECT list is not in GROUP BY clause and contains nonaggregated column 'Book Store.picture.id' which is not functionally dependent on columns in GROUP BY clause; this is incompatible with sql_mode=only_full_group_by","ecs":{"version":"1.6.0"}}
{"@timestamp":"2023-06-19T09:17:14.359Z","log.level":"error","message":"QueryFailedError: ER_WRONG_FIELD_WITH_GROUP: Expression #6 of SELECT list is not in GROUP BY clause and contains nonaggregated column 'Book Store.picture.id' which is not functionally dependent on columns in GROUP BY clause; this is incompatible with sql_mode=only_full_group_by","ecs":{"version":"1.6.0"}}
{"@timestamp":"2023-06-19T09:19:43.544Z","log.level":"error","message":"QueryFailedError: ER_BAD_FIELD_ERROR: Unknown column 'bookdetails.pictures' in 'field list'","ecs":{"version":"1.6.0"}}
{"@timestamp":"2023-06-19T09:22:29.046Z","log.level":"error","message":"QueryFailedError: ER_BAD_FIELD_ERROR: Unknown column 'bookdetails.pictures' in 'field list'","ecs":{"version":"1.6.0"}}
{"@timestamp":"2023-06-19T09:24:25.024Z","log.level":"error","message":"QueryFailedError: ER_WRONG_FIELD_WITH_GROUP: Expression #6 of SELECT list is not in GROUP BY clause and contains nonaggregated column 'Book Store.picture.fileName' which is not functionally dependent on columns in GROUP BY clause; this is incompatible with sql_mode=only_full_group_by","ecs":{"version":"1.6.0"}}
{"@timestamp":"2023-06-19T09:50:10.442Z","log.level":"warn","message":"Book not found","ecs":{"version":"1.6.0"}}
{"@timestamp":"2023-06-20T04:24:15.331Z","log.level":"warn","message":"Book is reanted by a customer","ecs":{"version":"1.6.0"}}
{"@timestamp":"2023-06-20T05:21:48.796Z","log.level":"warn","message":"Books are rented by users","ecs":{"version":"1.6.0"}}
{"@timestamp":"2023-06-21T03:58:59.761Z","log.level":"warn","message":"Mail id already in use","ecs":{"version":"1.6.0"}}
{"@timestamp":"2023-06-21T04:23:59.639Z","log.level":"warn","message":"Book out of stock","ecs":{"version":"1.6.0"}}
{"@timestamp":"2023-06-21T04:24:03.321Z","log.level":"warn","message":"Book out of stock","ecs":{"version":"1.6.0"}}
{"@timestamp":"2023-06-21T04:40:56.912Z","log.level":"warn","message":"Books are rented by users","ecs":{"version":"1.6.0"}}
{"@timestamp":"2023-06-21T04:41:47.372Z","log.level":"warn","message":"Books are rented by users","ecs":{"version":"1.6.0"}}
{"@timestamp":"2023-06-21T04:47:45.276Z","log.level":"warn","message":"Books are rented by users","ecs":{"version":"1.6.0"}}
{"@timestamp":"2023-06-21T04:51:34.266Z","log.level":"warn","message":"Book not found","ecs":{"version":"1.6.0"}}
{"@timestamp":"2023-06-21T06:59:28.071Z","log.level":"warn","message":"Mail id already in use","ecs":{"version":"1.6.0"}}
{"@timestamp":"2023-06-21T07:01:08.751Z","log.level":"warn","message":"Book not rented by the user","ecs":{"version":"1.6.0"}}
{"@timestamp":"2023-06-21T07:01:11.633Z","log.level":"warn","message":"Book not rented by the user","ecs":{"version":"1.6.0"}}
{"@timestamp":"2023-06-21T07:01:13.622Z","log.level":"warn","message":"Book not rented by the user","ecs":{"version":"1.6.0"}}
{"@timestamp":"2023-06-21T07:01:15.048Z","log.level":"warn","message":"Book not rented by the user","ecs":{"version":"1.6.0"}}
{"@timestamp":"2023-06-21T07:01:57.531Z","log.level":"warn","message":"Book not rented by the user","ecs":{"version":"1.6.0"}}
{"@timestamp":"2023-06-22T05:48:09.603Z","log.level":"warn","message":"Book not found","ecs":{"version":"1.6.0"}}
{"@timestamp":"2023-06-22T05:48:13.196Z","log.level":"warn","message":"Book not found","ecs":{"version":"1.6.0"}}
