{"@timestamp":"2023-06-19T05:56:16.110Z","log.level":"warn","message":"Incorrect Access Key","ecs":{"version":"1.6.0"}}
{"@timestamp":"2023-06-19T07:57:50.577Z","log.level":"warn","message":"Book not found","ecs":{"version":"1.6.0"}}
{"@timestamp":"2023-06-19T07:57:55.506Z","log.level":"warn","message":"Book not found","ecs":{"version":"1.6.0"}}
{"@timestamp":"2023-06-19T08:00:33.370Z","log.level":"warn","message":"Books are rented by users","ecs":{"version":"1.6.0"}}
{"@timestamp":"2023-06-19T08:00:47.400Z","log.level":"warn","message":"Book not found","ecs":{"version":"1.6.0"}}
{"@timestamp":"2023-06-19T08:01:06.166Z","log.level":"warn","message":"Book not found","ecs":{"version":"1.6.0"}}
{"@timestamp":"2023-06-19T09:08:57.349Z","log.level":"error","message":"QueryFailedError: ER_WRONG_FIELD_WITH_GROUP: Expression #6 of SELECT list is not in GROUP BY clause and contains nonaggregated column 'Book Store.picture.id' which is not functionally dependent on columns in GROUP BY clause; this is incompatible with sql_mode=only_full_group_by","ecs":{"version":"1.6.0"}}
{"@timestamp":"2023-06-19T09:11:25.780Z","log.level":"error","message":"QueryFailedError: ER_WRONG_FIELD_WITH_GROUP: Expression #6 of SELECT list is not in GROUP BY clause and contains nonaggregated column 'Book Store.picture.id' which is not functionally dependent on columns in GROUP BY clause; this is incompatible with sql_mode=only_full_group_by","ecs":{"version":"1.6.0"}}
{"@timestamp":"2023-06-19T09:16:38.785Z","log.level":"error","message":"QueryFailedError: ER_WRONG_FIELD_WITH_GROUP: Expression #6 of SELECT list is not in GROUP BY clause and contains nonaggregated column 'Book Store.picture.id' which is not functionally dependent on columns in GROUP BY clause; this is incompatible with sql_mode=only_full_group_by","ecs":{"version":"1.6.0"}}
{"@timestamp":"2023-06-19T09:17:14.359Z","log.level":"error","message":"QueryFailedError: ER_WRONG_FIELD_WITH_GROUP: Expression #6 of SELECT list is not in GROUP BY clause and contains nonaggregated column 'Book Store.picture.id' which is not functionally dependent on columns in GROUP BY clause; this is incompatible with sql_mode=only_full_group_by","ecs":{"version":"1.6.0"}}
{"@timestamp":"2023-06-19T09:19:43.544Z","log.level":"error","message":"QueryFailedError: ER_BAD_FIELD_ERROR: Unknown column 'bookdetails.pictures' in 'field list'","ecs":{"version":"1.6.0"}}
{"@timestamp":"2023-06-19T09:22:29.046Z","log.level":"error","message":"QueryFailedError: ER_BAD_FIELD_ERROR: Unknown column 'bookdetails.pictures' in 'field list'","ecs":{"version":"1.6.0"}}
{"@timestamp":"2023-06-19T09:24:25.024Z","log.level":"error","message":"QueryFailedError: ER_WRONG_FIELD_WITH_GROUP: Expression #6 of SELECT list is not in GROUP BY clause and contains nonaggregated column 'Book Store.picture.fileName' which is not functionally dependent on columns in GROUP BY clause; this is incompatible with sql_mode=only_full_group_by","ecs":{"version":"1.6.0"}}
{"@timestamp":"2023-06-19T09:50:10.442Z","log.level":"warn","message":"Book not found","ecs":{"version":"1.6.0"}}
{"@timestamp":"2023-06-20T04:01:34.359Z","log.level":"warn","message":"Book out of stock","ecs":{"version":"1.6.0"}}
{"@timestamp":"2023-06-20T04:01:36.442Z","log.level":"warn","message":"Book out of stock","ecs":{"version":"1.6.0"}}
{"@timestamp":"2023-06-20T04:01:37.385Z","log.level":"warn","message":"Book out of stock","ecs":{"version":"1.6.0"}}
{"@timestamp":"2023-06-20T04:01:38.513Z","log.level":"warn","message":"Book out of stock","ecs":{"version":"1.6.0"}}
{"@timestamp":"2023-06-20T04:06:02.938Z","log.level":"error","message":"undefined updated profile picture","ecs":{"version":"1.6.0"}}
{"@timestamp":"2023-06-20T04:06:15.053Z","log.level":"warn","message":"Mail id already in use","ecs":{"version":"1.6.0"}}
{"@timestamp":"2023-06-20T04:30:42.627Z","log.level":"error","message":"undefined updated profile picture","ecs":{"version":"1.6.0"}}
{"@timestamp":"2023-06-20T04:34:18.918Z","log.level":"error","message":"undefined updated profile picture","ecs":{"version":"1.6.0"}}
{"@timestamp":"2023-06-20T04:45:07.534Z","log.level":"warn","message":"Book not found","ecs":{"version":"1.6.0"}}
{"@timestamp":"2023-06-20T11:57:06.680Z","log.level":"error","message":"undefined updated profile picture","ecs":{"version":"1.6.0"}}
{"@timestamp":"2023-06-20T11:57:11.810Z","log.level":"error","message":"undefined updated profile picture","ecs":{"version":"1.6.0"}}
{"@timestamp":"2023-06-20T14:45:38.685Z","log.level":"warn","message":"Book not found","ecs":{"version":"1.6.0"}}
{"@timestamp":"2023-06-20T14:45:40.944Z","log.level":"warn","message":"Book not found","ecs":{"version":"1.6.0"}}
{"@timestamp":"2023-06-20T14:46:17.995Z","log.level":"warn","message":"Book not found","ecs":{"version":"1.6.0"}}
{"@timestamp":"2023-06-20T14:51:05.838Z","log.level":"warn","message":"Book not found","ecs":{"version":"1.6.0"}}
{"@timestamp":"2023-06-20T14:57:20.590Z","log.level":"warn","message":"Book not found","ecs":{"version":"1.6.0"}}
{"@timestamp":"2023-06-20T15:07:10.689Z","log.level":"warn","message":"Book not rented by the user","ecs":{"version":"1.6.0"}}
{"@timestamp":"2023-06-20T15:07:14.917Z","log.level":"warn","message":"Book not rented by the user","ecs":{"version":"1.6.0"}}
{"@timestamp":"2023-06-20T15:11:12.111Z","log.level":"warn","message":"Mail id already in use","ecs":{"version":"1.6.0"}}
{"@timestamp":"2023-06-20T15:11:18.024Z","log.level":"error","message":"undefined updated profile picture","ecs":{"version":"1.6.0"}}
{"@timestamp":"2023-06-20T15:11:34.071Z","log.level":"error","message":"undefined updated profile picture","ecs":{"version":"1.6.0"}}
{"@timestamp":"2023-06-20T16:33:19.148Z","log.level":"warn","message":"Books are rented by users","ecs":{"version":"1.6.0"}}
{"@timestamp":"2023-06-20T16:33:23.251Z","log.level":"warn","message":"Books are rented by users","ecs":{"version":"1.6.0"}}
{"@timestamp":"2023-06-20T16:33:27.586Z","log.level":"warn","message":"Books are rented by users","ecs":{"version":"1.6.0"}}
{"@timestamp":"2023-06-20T16:33:31.755Z","log.level":"warn","message":"Books are rented by users","ecs":{"version":"1.6.0"}}
{"@timestamp":"2023-06-21T03:46:14.953Z","log.level":"error","message":"undefined updated profile picture","ecs":{"version":"1.6.0"}}
{"@timestamp":"2023-06-21T03:46:20.077Z","log.level":"warn","message":"Mail id already in use","ecs":{"version":"1.6.0"}}
